# JRE version: Java(TM) SE Runtime Environment (18.0.1.1+2) (build 18.0.1.1+2-6)
# Java VM: Java HotSpot(TM) 64-Bit Server VM (18.0.1.1+2-6, mixed mode, sharing, tiered, compressed oops, compressed class ptrs, g1 gc, windows-amd64)
GC Precious Log:
 CardTable entry size: 512
 Card Set container configuration: InlinePtr #cards 4 size 8 Array Of Cards #cards 16 size 48 Howl #buckets 8 coarsen threshold 3686 Howl Bitmap #cards 512 size 80 coarsen threshold 460 Card regions per heap region 1 cards per card region 4096
 CPUs: 6 total, 6 available
 Memory: 16317M
 Large Page Support: Disabled
 NUMA Support: Disabled
 Compressed Oops: Enabled (Zero based)
 Heap Region Size: 2M
 Heap Min Capacity: 8M
 Heap Initial Capacity: 256M
 Heap Max Capacity: 4080M
 Pre-touch: Disabled
 Parallel Workers: 6
 Concurrent Workers: 2
 Concurrent Refinement Workers: 6
 Periodic GC: Disabled
Heap:
 garbage-first heap   total 262144K, used 146482K [0x0000000701000000, 0x0000000800000000)
  region size 2048K, 44 young (90112K), 3 survivors (6144K)
 Metaspace       used 10954K, committed 11200K, reserved 1114112K
  class space    used 1059K, committed 1216K, reserved 1048576K
GC Heap History (20 events):
Event: 22.265 GC heap before
{Heap before GC invocations=6 (full 0):
 garbage-first heap   total 262144K, used 213631K [0x0000000701000000, 0x0000000800000000)
  region size 2048K, 76 young (155648K), 3 survivors (6144K)
 Metaspace       used 10895K, committed 11200K, reserved 1114112K
  class space    used 1059K, committed 1216K, reserved 1048576K
}
Event: 22.267 GC heap after
{Heap after GC invocations=7 (full 0):
 garbage-first heap   total 262144K, used 64269K [0x0000000701000000, 0x0000000800000000)
  region size 2048K, 3 young (6144K), 3 survivors (6144K)
 Metaspace       used 10895K, committed 11200K, reserved 1114112K
  class space    used 1059K, committed 1216K, reserved 1048576K
}
Event: 27.511 GC heap before
{Heap before GC invocations=7 (full 0):
 garbage-first heap   total 262144K, used 213773K [0x0000000701000000, 0x0000000800000000)
  region size 2048K, 76 young (155648K), 3 survivors (6144K)
 Metaspace       used 10897K, committed 11200K, reserved 1114112K
  class space    used 1059K, committed 1216K, reserved 1048576K
}
Event: 27.514 GC heap after
{Heap after GC invocations=8 (full 0):
 garbage-first heap   total 262144K, used 64412K [0x0000000701000000, 0x0000000800000000)
  region size 2048K, 3 young (6144K), 3 survivors (6144K)
 Metaspace       used 10897K, committed 11200K, reserved 1114112K
  class space    used 1059K, committed 1216K, reserved 1048576K
}
Event: 32.716 GC heap before
{Heap before GC invocations=8 (full 0):
 garbage-first heap   total 262144K, used 213916K [0x0000000701000000, 0x0000000800000000)
  region size 2048K, 76 young (155648K), 3 survivors (6144K)
 Metaspace       used 10898K, committed 11200K, reserved 1114112K
  class space    used 1059K, committed 1216K, reserved 1048576K
}
Event: 32.718 GC heap after
{Heap after GC invocations=9 (full 0):
 garbage-first heap   total 262144K, used 64541K [0x0000000701000000, 0x0000000800000000)
  region size 2048K, 3 young (6144K), 3 survivors (6144K)
 Metaspace       used 10898K, committed 11200K, reserved 1114112K
  class space    used 1059K, committed 1216K, reserved 1048576K
}
Event: 37.935 GC heap before
{Heap before GC invocations=9 (full 0):
 garbage-first heap   total 262144K, used 214045K [0x0000000701000000, 0x0000000800000000)
  region size 2048K, 76 young (155648K), 3 survivors (6144K)
 Metaspace       used 10948K, committed 11200K, reserved 1114112K
  class space    used 1059K, committed 1216K, reserved 1048576K
}
Event: 37.937 GC heap after
{Heap after GC invocations=10 (full 0):
 garbage-first heap   total 262144K, used 64250K [0x0000000701000000, 0x0000000800000000)
  region size 2048K, 3 young (6144K), 3 survivors (6144K)
 Metaspace       used 10948K, committed 11200K, reserved 1114112K
  class space    used 1059K, committed 1216K, reserved 1048576K
}
Event: 43.149 GC heap before
{Heap before GC invocations=10 (full 0):
 garbage-first heap   total 262144K, used 213754K [0x0000000701000000, 0x0000000800000000)
  region size 2048K, 76 young (155648K), 3 survivors (6144K)
 Metaspace       used 10952K, committed 11200K, reserved 1114112K
  class space    used 1059K, committed 1216K, reserved 1048576K
}
Event: 43.152 GC heap after
{Heap after GC invocations=11 (full 0):
 garbage-first heap   total 262144K, used 64472K [0x0000000701000000, 0x0000000800000000)
  region size 2048K, 3 young (6144K), 3 survivors (6144K)
 Metaspace       used 10952K, committed 11200K, reserved 1114112K
  class space    used 1059K, committed 1216K, reserved 1048576K
}
Event: 48.373 GC heap before
{Heap before GC invocations=11 (full 0):
 garbage-first heap   total 262144K, used 213976K [0x0000000701000000, 0x0000000800000000)
  region size 2048K, 76 young (155648K), 3 survivors (6144K)
 Metaspace       used 10952K, committed 11200K, reserved 1114112K
  class space    used 1059K, committed 1216K, reserved 1048576K
}
Event: 48.378 GC heap after
{Heap after GC invocations=12 (full 0):
 garbage-first heap   total 262144K, used 64275K [0x0000000701000000, 0x0000000800000000)
  region size 2048K, 3 young (6144K), 3 survivors (6144K)
 Metaspace       used 10952K, committed 11200K, reserved 1114112K
  class space    used 1059K, committed 1216K, reserved 1048576K
}
Event: 53.599 GC heap before
{Heap before GC invocations=12 (full 0):
 garbage-first heap   total 262144K, used 213779K [0x0000000701000000, 0x0000000800000000)
  region size 2048K, 76 young (155648K), 3 survivors (6144K)
 Metaspace       used 10953K, committed 11200K, reserved 1114112K
  class space    used 1059K, committed 1216K, reserved 1048576K
}
Event: 53.602 GC heap after
{Heap after GC invocations=13 (full 0):
 garbage-first heap   total 262144K, used 64336K [0x0000000701000000, 0x0000000800000000)
  region size 2048K, 3 young (6144K), 3 survivors (6144K)
 Metaspace       used 10953K, committed 11200K, reserved 1114112K
  class space    used 1059K, committed 1216K, reserved 1048576K
}
Event: 58.815 GC heap before
{Heap before GC invocations=13 (full 0):
 garbage-first heap   total 262144K, used 213840K [0x0000000701000000, 0x0000000800000000)
  region size 2048K, 76 young (155648K), 3 survivors (6144K)
 Metaspace       used 10954K, committed 11200K, reserved 1114112K
  class space    used 1059K, committed 1216K, reserved 1048576K
}
Event: 58.818 GC heap after
{Heap after GC invocations=14 (full 0):
 garbage-first heap   total 262144K, used 64434K [0x0000000701000000, 0x0000000800000000)
  region size 2048K, 3 young (6144K), 3 survivors (6144K)
 Metaspace       used 10954K, committed 11200K, reserved 1114112K
  class space    used 1059K, committed 1216K, reserved 1048576K
}
Event: 64.050 GC heap before
{Heap before GC invocations=14 (full 0):
 garbage-first heap   total 262144K, used 213938K [0x0000000701000000, 0x0000000800000000)
  region size 2048K, 76 young (155648K), 3 survivors (6144K)
 Metaspace       used 10954K, committed 11200K, reserved 1114112K
  class space    used 1059K, committed 1216K, reserved 1048576K
}
Event: 64.052 GC heap after
{Heap after GC invocations=15 (full 0):
 garbage-first heap   total 262144K, used 64321K [0x0000000701000000, 0x0000000800000000)
  region size 2048K, 3 young (6144K), 3 survivors (6144K)
 Metaspace       used 10954K, committed 11200K, reserved 1114112K
  class space    used 1059K, committed 1216K, reserved 1048576K
}
Event: 69.315 GC heap before
{Heap before GC invocations=15 (full 0):
 garbage-first heap   total 262144K, used 213825K [0x0000000701000000, 0x0000000800000000)
  region size 2048K, 76 young (155648K), 3 survivors (6144K)
 Metaspace       used 10954K, committed 11200K, reserved 1114112K
  class space    used 1059K, committed 1216K, reserved 1048576K
}
Event: 69.318 GC heap after
{Heap after GC invocations=16 (full 0):
 garbage-first heap   total 262144K, used 64562K [0x0000000701000000, 0x0000000800000000)
  region size 2048K, 3 young (6144K), 3 survivors (6144K)
 Metaspace       used 10954K, committed 11200K, reserved 1114112K
  class space    used 1059K, committed 1216K, reserved 1048576K
}

